<?xml version="1.0" encoding="UTF-8"?>
<!-- Generated by org.testng.reporters.JUnitReportReporter -->
<testsuite hostname="LAPTOP-AHT44H6P" failures="0" tests="1" name="com.testvagrant.actions.Demo" time="0.022" errors="0" timestamp="2022-09-15T20:38:07 IST" skipped="0">
  <testcase classname="com.testvagrant.actions.Demo" name="runDemo" time="0.022"/>
  <system-out>
    <![CDATA[Hi]]>
  </system-out>
</testsuite> <!-- com.testvagrant.actions.Demo -->
