<?xml version="1.0" encoding="UTF-8"?>
<!-- Generated by org.testng.reporters.JUnitReportReporter -->
<testsuite hostname="LAPTOP-AHT44H6P" failures="0" tests="1" name="com.testvagrant.actions.MovieDetailsInWikipedia" time="156.333" errors="0" timestamp="2022-09-16T12:22:34 IST" skipped="0">
  <testcase classname="com.testvagrant.actions.MovieDetailsInWikipedia" name="runWiki" time="156.333"/>
  <system-out>
    <![CDATA[17 December 2021
India]]>
  </system-out>
</testsuite> <!-- com.testvagrant.actions.MovieDetailsInWikipedia -->
