<?xml version="1.0" encoding="UTF-8"?>
<!-- Generated by org.testng.reporters.JUnitReportReporter -->
<testsuite hostname="LAPTOP-AHT44H6P" failures="0" tests="1" name="com.testvagrant.actions.MovieDetails" time="0.012" errors="0" timestamp="2022-09-16T12:47:12 IST" skipped="0">
  <testcase classname="com.testvagrant.actions.MovieDetails" name="run" time="0.012"/>
  <system-out/>
</testsuite> <!-- com.testvagrant.actions.MovieDetails -->
